# JRE version: Java(TM) SE Runtime Environment (8.0_66-b18) (build 1.8.0_66-b18)
# Java VM: Java HotSpot(TM) 64-Bit Server VM (25.66-b18 mixed mode windows-amd64 compressed oops)
Heap:
 PSYoungGen      total 514048K, used 288942K [0x00000000d5d00000, 0x00000000ff180000, 0x0000000100000000)
  eden space 368128K, 78% used [0x00000000d5d00000,0x00000000e772b928,0x00000000ec480000)
  from space 145920K, 0% used [0x00000000f6300000,0x00000000f6300000,0x00000000ff180000)
  to   space 154112K, 0% used [0x00000000ec480000,0x00000000ec480000,0x00000000f5b00000)
 ParOldGen       total 294400K, used 294378K [0x0000000081600000, 0x0000000093580000, 0x00000000d5d00000)
  object space 294400K, 99% used [0x0000000081600000,0x000000009357a850,0x0000000093580000)
 Metaspace       used 6259K, capacity 6764K, committed 6912K, reserved 1056768K
  class space    used 692K, capacity 724K, committed 768K, reserved 1048576K
GC Heap History (10 events):
Event: 45.526 GC heap before
{Heap before GC invocations=106 (full 66):
 PSYoungGen      total 514048K, used 111078K [0x00000000d5d00000, 0x00000000ff180000, 0x0000000100000000)
  eden space 368128K, 30% used [0x00000000d5d00000,0x00000000dc979a60,0x00000000ec480000)
  from space 145920K, 0% used [0x00000000f6300000,0x00000000f6300000,0x00000000ff180000)
  to   space 154112K, 0% used [0x00000000ec480000,0x00000000ec480000,0x00000000f5b00000)
 ParOldGen       total 294400K, used 294378K [0x0000000081600000, 0x0000000093580000, 0x00000000d5d00000)
  object space 294400K, 99% used [0x0000000081600000,0x000000009357a850,0x0000000093580000)
 Metaspace       used 6253K, capacity 6764K, committed 6912K, reserved 1056768K
  class space    used 692K, capacity 724K, committed 768K, reserved 1048576K
Event: 45.806 GC heap after
Heap after GC invocations=106 (full 66):
 PSYoungGen      total 514048K, used 105560K [0x00000000d5d00000, 0x00000000ff180000, 0x0000000100000000)
  eden space 368128K, 28% used [0x00000000d5d00000,0x00000000dc416010,0x00000000ec480000)
  from space 145920K, 0% used [0x00000000f6300000,0x00000000f6300000,0x00000000ff180000)
  to   space 154112K, 0% used [0x00000000ec480000,0x00000000ec480000,0x00000000f5b00000)
 ParOldGen       total 294400K, used 294378K [0x0000000081600000, 0x0000000093580000, 0x00000000d5d00000)
  object space 294400K, 99% used [0x0000000081600000,0x000000009357a850,0x0000000093580000)
 Metaspace       used 6253K, capacity 6764K, committed 6912K, reserved 1056768K
  class space    used 692K, capacity 724K, committed 768K, reserved 1048576K
}
Event: 45.817 GC heap before
{Heap before GC invocations=107 (full 67):
 PSYoungGen      total 514048K, used 130481K [0x00000000d5d00000, 0x00000000ff180000, 0x0000000100000000)
  eden space 368128K, 35% used [0x00000000d5d00000,0x00000000ddc6c6f8,0x00000000ec480000)
  from space 145920K, 0% used [0x00000000f6300000,0x00000000f6300000,0x00000000ff180000)
  to   space 154112K, 0% used [0x00000000ec480000,0x00000000ec480000,0x00000000f5b00000)
 ParOldGen       total 294400K, used 294378K [0x0000000081600000, 0x0000000093580000, 0x00000000d5d00000)
  object space 294400K, 99% used [0x0000000081600000,0x000000009357a850,0x0000000093580000)
 Metaspace       used 6253K, capacity 6764K, committed 6912K, reserved 1056768K
  class space    used 692K, capacity 724K, committed 768K, reserved 1048576K
Event: 46.127 GC heap after
Heap after GC invocations=107 (full 67):
 PSYoungGen      total 514048K, used 106963K [0x00000000d5d00000, 0x00000000ff180000, 0x0000000100000000)
  eden space 368128K, 29% used [0x00000000d5d00000,0x00000000dc574e58,0x00000000ec480000)
  from space 145920K, 0% used [0x00000000f6300000,0x00000000f6300000,0x00000000ff180000)
  to   space 154112K, 0% used [0x00000000ec480000,0x00000000ec480000,0x00000000f5b00000)
 ParOldGen       total 294400K, used 294378K [0x0000000081600000, 0x0000000093580000, 0x00000000d5d00000)
  object space 294400K, 99% used [0x0000000081600000,0x000000009357a850,0x0000000093580000)
 Metaspace       used 6253K, capacity 6764K, committed 6912K, reserved 1056768K
  class space    used 692K, capacity 724K, committed 768K, reserved 1048576K
}
Event: 46.127 GC heap before
{Heap before GC invocations=108 (full 68):
 PSYoungGen      total 514048K, used 112487K [0x00000000d5d00000, 0x00000000ff180000, 0x0000000100000000)
  eden space 368128K, 30% used [0x00000000d5d00000,0x00000000dcad9c88,0x00000000ec480000)
  from space 145920K, 0% used [0x00000000f6300000,0x00000000f6300000,0x00000000ff180000)
  to   space 154112K, 0% used [0x00000000ec480000,0x00000000ec480000,0x00000000f5b00000)
 ParOldGen       total 294400K, used 294378K [0x0000000081600000, 0x0000000093580000, 0x00000000d5d00000)
  object space 294400K, 99% used [0x0000000081600000,0x000000009357a850,0x0000000093580000)
 Metaspace       used 6253K, capacity 6764K, committed 6912K, reserved 1056768K
  class space    used 692K, capacity 724K, committed 768K, reserved 1048576K
Event: 46.410 GC heap after
Heap after GC invocations=108 (full 68):
 PSYoungGen      total 514048K, used 106910K [0x00000000d5d00000, 0x00000000ff180000, 0x0000000100000000)
  eden space 368128K, 29% used [0x00000000d5d00000,0x00000000dc567970,0x00000000ec480000)
  from space 145920K, 0% used [0x00000000f6300000,0x00000000f6300000,0x00000000ff180000)
  to   space 154112K, 0% used [0x00000000ec480000,0x00000000ec480000,0x00000000f5b00000)
 ParOldGen       total 294400K, used 294378K [0x0000000081600000, 0x0000000093580000, 0x00000000d5d00000)
  object space 294400K, 99% used [0x0000000081600000,0x000000009357a850,0x0000000093580000)
 Metaspace       used 6253K, capacity 6764K, committed 6912K, reserved 1056768K
  class space    used 692K, capacity 724K, committed 768K, reserved 1048576K
}
Event: 46.411 GC heap before
{Heap before GC invocations=109 (full 69):
 PSYoungGen      total 514048K, used 112433K [0x00000000d5d00000, 0x00000000ff180000, 0x0000000100000000)
  eden space 368128K, 30% used [0x00000000d5d00000,0x00000000dcacc7a8,0x00000000ec480000)
  from space 145920K, 0% used [0x00000000f6300000,0x00000000f6300000,0x00000000ff180000)
  to   space 154112K, 0% used [0x00000000ec480000,0x00000000ec480000,0x00000000f5b00000)
 ParOldGen       total 294400K, used 294378K [0x0000000081600000, 0x0000000093580000, 0x00000000d5d00000)
  object space 294400K, 99% used [0x0000000081600000,0x000000009357a850,0x0000000093580000)
 Metaspace       used 6253K, capacity 6764K, committed 6912K, reserved 1056768K
  class space    used 692K, capacity 724K, committed 768K, reserved 1048576K
Event: 46.696 GC heap after
Heap after GC invocations=109 (full 69):
 PSYoungGen      total 514048K, used 107003K [0x00000000d5d00000, 0x00000000ff180000, 0x0000000100000000)
  eden space 368128K, 29% used [0x00000000d5d00000,0x00000000dc57ec70,0x00000000ec480000)
  from space 145920K, 0% used [0x00000000f6300000,0x00000000f6300000,0x00000000ff180000)
  to   space 154112K, 0% used [0x00000000ec480000,0x00000000ec480000,0x00000000f5b00000)
 ParOldGen       total 294400K, used 294378K [0x0000000081600000, 0x0000000093580000, 0x00000000d5d00000)
  object space 294400K, 99% used [0x0000000081600000,0x000000009357a850,0x0000000093580000)
 Metaspace       used 6253K, capacity 6764K, committed 6912K, reserved 1056768K
  class space    used 692K, capacity 724K, committed 768K, reserved 1048576K
}
Event: 46.739 GC heap before
{Heap before GC invocations=110 (full 70):
 PSYoungGen      total 514048K, used 195059K [0x00000000d5d00000, 0x00000000ff180000, 0x0000000100000000)
  eden space 368128K, 52% used [0x00000000d5d00000,0x00000000e1b7ccf8,0x00000000ec480000)
  from space 145920K, 0% used [0x00000000f6300000,0x00000000f6300000,0x00000000ff180000)
  to   space 154112K, 0% used [0x00000000ec480000,0x00000000ec480000,0x00000000f5b00000)
 ParOldGen       total 294400K, used 294378K [0x0000000081600000, 0x0000000093580000, 0x00000000d5d00000)
  object space 294400K, 99% used [0x0000000081600000,0x000000009357a850,0x0000000093580000)
 Metaspace       used 6253K, capacity 6764K, committed 6912K, reserved 1056768K
  class space    used 692K, capacity 724K, committed 768K, reserved 1048576K
Event: 47.032 GC heap after
Heap after GC invocations=110 (full 70):
 PSYoungGen      total 514048K, used 111879K [0x00000000d5d00000, 0x00000000ff180000, 0x0000000100000000)
  eden space 368128K, 30% used [0x00000000d5d00000,0x00000000dca41d80,0x00000000ec480000)
  from space 145920K, 0% used [0x00000000f6300000,0x00000000f6300000,0x00000000ff180000)
  to   space 154112K, 0% used [0x00000000ec480000,0x00000000ec480000,0x00000000f5b00000)
 ParOldGen       total 294400K, used 294378K [0x0000000081600000, 0x0000000093580000, 0x00000000d5d00000)
  object space 294400K, 99% used [0x0000000081600000,0x000000009357a850,0x0000000093580000)
 Metaspace       used 6253K, capacity 6764K, committed 6912K, reserved 1056768K
  class space    used 692K, capacity 724K, committed 768K, reserved 1048576K
}

