# JRE version: Java(TM) SE Runtime Environment (8.0_66-b18) (build 1.8.0_66-b18)
# Java VM: Java HotSpot(TM) 64-Bit Server VM (25.66-b18 mixed mode windows-amd64 compressed oops)
Heap:
 PSYoungGen      total 2962944K, used 2101287K [0x0000000700000000, 0x00000007bfe00000, 0x00000007c0000000)
  eden space 2799616K, 69% used [0x0000000700000000,0x0000000776509d58,0x00000007aae00000)
  from space 163328K, 99% used [0x00000007aae00000,0x00000007b4d00090,0x00000007b4d80000)
  to   space 172032K, 0% used [0x00000007b5600000,0x00000007b5600000,0x00000007bfe00000)
 ParOldGen       total 4504576K, used 2459717K [0x00000005c0000000, 0x00000006d2f00000, 0x0000000700000000)
  object space 4504576K, 54% used [0x00000005c0000000,0x00000006562114e0,0x00000006d2f00000)
 Metaspace       used 6449K, capacity 6892K, committed 7168K, reserved 1056768K
  class space    used 691K, capacity 724K, committed 768K, reserved 1048576K
GC Heap History (10 events):
Event: 36763.220 GC heap before
{Heap before GC invocations=2768 (full 135):
 PSYoungGen      total 2969600K, used 2958848K [0x0000000700000000, 0x00000007bfd80000, 0x00000007c0000000)
  eden space 2799104K, 100% used [0x0000000700000000,0x00000007aad80000,0x00000007aad80000)
  from space 170496K, 93% used [0x00000007b5700000,0x00000007bf300040,0x00000007bfd80000)
  to   space 172032K, 0% used [0x00000007aad80000,0x00000007aad80000,0x00000007b5580000)
 ParOldGen       total 4504576K, used 2376709K [0x00000005c0000000, 0x00000006d2f00000, 0x0000000700000000)
  object space 4504576K, 52% used [0x00000005c0000000,0x0000000651101440,0x00000006d2f00000)
 Metaspace       used 6419K, capacity 6892K, committed 7168K, reserved 1056768K
  class space    used 691K, capacity 724K, committed 768K, reserved 1048576K
Event: 36763.810 GC heap after
Heap after GC invocations=2768 (full 135):
 PSYoungGen      total 2971136K, used 161792K [0x0000000700000000, 0x00000007c0000000, 0x00000007c0000000)
  eden space 2799104K, 0% used [0x0000000700000000,0x0000000700000000,0x00000007aad80000)
  from space 172032K, 94% used [0x00000007aad80000,0x00000007b4b80000,0x00000007b5580000)
  to   space 171520K, 0% used [0x00000007b5880000,0x00000007b5880000,0x00000007c0000000)
 ParOldGen       total 4504576K, used 2396485K [0x00000005c0000000, 0x00000006d2f00000, 0x0000000700000000)
  object space 4504576K, 53% used [0x00000005c0000000,0x0000000652451460,0x00000006d2f00000)
 Metaspace       used 6419K, capacity 6892K, committed 7168K, reserved 1056768K
  class space    used 691K, capacity 724K, committed 768K, reserved 1048576K
}
Event: 36776.626 GC heap before
{Heap before GC invocations=2769 (full 135):
 PSYoungGen      total 2971136K, used 2960896K [0x0000000700000000, 0x00000007c0000000, 0x00000007c0000000)
  eden space 2799104K, 100% used [0x0000000700000000,0x00000007aad80000,0x00000007aad80000)
  from space 172032K, 94% used [0x00000007aad80000,0x00000007b4b80000,0x00000007b5580000)
  to   space 171520K, 0% used [0x00000007b5880000,0x00000007b5880000,0x00000007c0000000)
 ParOldGen       total 4504576K, used 2396485K [0x00000005c0000000, 0x00000006d2f00000, 0x0000000700000000)
  object space 4504576K, 53% used [0x00000005c0000000,0x0000000652451460,0x00000006d2f00000)
 Metaspace       used 6419K, capacity 6892K, committed 7168K, reserved 1056768K
  class space    used 691K, capacity 724K, committed 768K, reserved 1048576K
Event: 36777.205 GC heap after
Heap after GC invocations=2769 (full 135):
 PSYoungGen      total 2973184K, used 165888K [0x0000000700000000, 0x00000007c0000000, 0x00000007c0000000)
  eden space 2801664K, 0% used [0x0000000700000000,0x0000000700000000,0x00000007ab000000)
  from space 171520K, 96% used [0x00000007b5880000,0x00000007bfa80000,0x00000007c0000000)
  to   space 172032K, 0% used [0x00000007ab000000,0x00000007ab000000,0x00000007b5800000)
 ParOldGen       total 4504576K, used 2401541K [0x00000005c0000000, 0x00000006d2f00000, 0x0000000700000000)
  object space 4504576K, 53% used [0x00000005c0000000,0x0000000652941460,0x00000006d2f00000)
 Metaspace       used 6419K, capacity 6892K, committed 7168K, reserved 1056768K
  class space    used 691K, capacity 724K, committed 768K, reserved 1048576K
}
Event: 36799.523 GC heap before
{Heap before GC invocations=2770 (full 135):
 PSYoungGen      total 2973184K, used 2967552K [0x0000000700000000, 0x00000007c0000000, 0x00000007c0000000)
  eden space 2801664K, 100% used [0x0000000700000000,0x00000007ab000000,0x00000007ab000000)
  from space 171520K, 96% used [0x00000007b5880000,0x00000007bfa80000,0x00000007c0000000)
  to   space 172032K, 0% used [0x00000007ab000000,0x00000007ab000000,0x00000007b5800000)
 ParOldGen       total 4504576K, used 2401541K [0x00000005c0000000, 0x00000006d2f00000, 0x0000000700000000)
  object space 4504576K, 53% used [0x00000005c0000000,0x0000000652941460,0x00000006d2f00000)
 Metaspace       used 6419K, capacity 6892K, committed 7168K, reserved 1056768K
  class space    used 691K, capacity 724K, committed 768K, reserved 1048576K
Event: 36799.957 GC heap after
Heap after GC invocations=2770 (full 135):
 PSYoungGen      total 2967552K, used 165888K [0x0000000700000000, 0x00000007c0000000, 0x00000007c0000000)
  eden space 2801664K, 0% used [0x0000000700000000,0x0000000700000000,0x00000007ab000000)
  from space 165888K, 100% used [0x00000007ab000000,0x00000007b5200000,0x00000007b5200000)
  to   space 173056K, 0% used [0x00000007b5700000,0x00000007b5700000,0x00000007c0000000)
 ParOldGen       total 4504576K, used 2411845K [0x00000005c0000000, 0x00000006d2f00000, 0x0000000700000000)
  object space 4504576K, 53% used [0x00000005c0000000,0x0000000653351480,0x00000006d2f00000)
 Metaspace       used 6419K, capacity 6892K, committed 7168K, reserved 1056768K
  class space    used 691K, capacity 724K, committed 768K, reserved 1048576K
}
Event: 36809.021 GC heap before
{Heap before GC invocations=2771 (full 135):
 PSYoungGen      total 2967552K, used 2967552K [0x0000000700000000, 0x00000007c0000000, 0x00000007c0000000)
  eden space 2801664K, 100% used [0x0000000700000000,0x00000007ab000000,0x00000007ab000000)
  from space 165888K, 100% used [0x00000007ab000000,0x00000007b5200000,0x00000007b5200000)
  to   space 173056K, 0% used [0x00000007b5700000,0x00000007b5700000,0x00000007c0000000)
 ParOldGen       total 4504576K, used 2411845K [0x00000005c0000000, 0x00000006d2f00000, 0x0000000700000000)
  object space 4504576K, 53% used [0x00000005c0000000,0x0000000653351480,0x00000006d2f00000)
 Metaspace       used 6419K, capacity 6892K, committed 7168K, reserved 1056768K
  class space    used 691K, capacity 724K, committed 768K, reserved 1048576K
Event: 36809.564 GC heap after
Heap after GC invocations=2771 (full 135):
 PSYoungGen      total 2972672K, used 164864K [0x0000000700000000, 0x00000007c0000000, 0x00000007c0000000)
  eden space 2799616K, 0% used [0x0000000700000000,0x0000000700000000,0x00000007aae00000)
  from space 173056K, 95% used [0x00000007b5700000,0x00000007bf800050,0x00000007c0000000)
  to   space 173056K, 0% used [0x00000007aae00000,0x00000007aae00000,0x00000007b5700000)
 ParOldGen       total 4504576K, used 2441093K [0x00000005c0000000, 0x00000006d2f00000, 0x0000000700000000)
  object space 4504576K, 54% used [0x00000005c0000000,0x0000000654fe14c0,0x00000006d2f00000)
 Metaspace       used 6419K, capacity 6892K, committed 7168K, reserved 1056768K
  class space    used 691K, capacity 724K, committed 768K, reserved 1048576K
}
Event: 36820.296 GC heap before
{Heap before GC invocations=2772 (full 135):
 PSYoungGen      total 2972672K, used 2964480K [0x0000000700000000, 0x00000007c0000000, 0x00000007c0000000)
  eden space 2799616K, 100% used [0x0000000700000000,0x00000007aae00000,0x00000007aae00000)
  from space 173056K, 95% used [0x00000007b5700000,0x00000007bf800050,0x00000007c0000000)
  to   space 173056K, 0% used [0x00000007aae00000,0x00000007aae00000,0x00000007b5700000)
 ParOldGen       total 4504576K, used 2441093K [0x00000005c0000000, 0x00000006d2f00000, 0x0000000700000000)
  object space 4504576K, 54% used [0x00000005c0000000,0x0000000654fe14c0,0x00000006d2f00000)
 Metaspace       used 6419K, capacity 6892K, committed 7168K, reserved 1056768K
  class space    used 691K, capacity 724K, committed 768K, reserved 1048576K
Event: 36820.918 GC heap after
Heap after GC invocations=2772 (full 135):
 PSYoungGen      total 2962944K, used 162816K [0x0000000700000000, 0x00000007bfe00000, 0x00000007c0000000)
  eden space 2799616K, 0% used [0x0000000700000000,0x0000000700000000,0x00000007aae00000)
  from space 163328K, 99% used [0x00000007aae00000,0x00000007b4d00090,0x00000007b4d80000)
  to   space 172032K, 0% used [0x00000007b5600000,0x00000007b5600000,0x00000007bfe00000)
 ParOldGen       total 4504576K, used 2459717K [0x00000005c0000000, 0x00000006d2f00000, 0x0000000700000000)
  object space 4504576K, 54% used [0x00000005c0000000,0x00000006562114e0,0x00000006d2f00000)
 Metaspace       used 6419K, capacity 6892K, committed 7168K, reserved 1056768K
  class space    used 691K, capacity 724K, committed 768K, reserved 1048576K
}

