# JRE version: Java(TM) SE Runtime Environment (8.0_66-b18) (build 1.8.0_66-b18)
# Java VM: Java HotSpot(TM) 64-Bit Server VM (25.66-b18 mixed mode windows-amd64 compressed oops)
Heap:
 PSYoungGen      total 1963520K, used 960741K [0x0000000700000000, 0x000000077ff80000, 0x00000007c0000000)
  eden space 1838592K, 45% used [0x0000000700000000,0x0000000733039418,0x0000000770380000)
  from space 124928K, 100% used [0x0000000770380000,0x0000000777d80000,0x0000000777d80000)
  to   space 129536K, 0% used [0x0000000778100000,0x0000000778100000,0x000000077ff80000)
 ParOldGen       total 124416K, used 114525K [0x00000005c0000000, 0x00000005c7980000, 0x0000000700000000)
  object space 124416K, 92% used [0x00000005c0000000,0x00000005c6fd76a8,0x00000005c7980000)
 Metaspace       used 6429K, capacity 6892K, committed 7168K, reserved 1056768K
  class space    used 696K, capacity 724K, committed 768K, reserved 1048576K
GC Heap History (10 events):
Event: 2421.595 GC heap before
{Heap before GC invocations=44 (full 12):
 PSYoungGen      total 1967104K, used 124928K [0x0000000700000000, 0x000000077ff80000, 0x00000007c0000000)
  eden space 1837568K, 0% used [0x0000000700000000,0x0000000700000000,0x0000000770280000)
  from space 129536K, 96% used [0x0000000778100000,0x000000077fb00000,0x000000077ff80000)
  to   space 129536K, 0% used [0x0000000770280000,0x0000000770280000,0x0000000778100000)
 ParOldGen       total 125952K, used 117751K [0x00000005c0000000, 0x00000005c7b00000, 0x0000000700000000)
  object space 125952K, 93% used [0x00000005c0000000,0x00000005c72fdea0,0x00000005c7b00000)
 Metaspace       used 6403K, capacity 6892K, committed 7168K, reserved 1056768K
  class space    used 693K, capacity 724K, committed 768K, reserved 1048576K
Event: 2421.685 GC heap after
Heap after GC invocations=44 (full 12):
 PSYoungGen      total 1967104K, used 0K [0x0000000700000000, 0x000000077ff80000, 0x00000007c0000000)
  eden space 1837568K, 0% used [0x0000000700000000,0x0000000700000000,0x0000000770280000)
  from space 129536K, 0% used [0x0000000778100000,0x0000000778100000,0x000000077ff80000)
  to   space 129536K, 0% used [0x0000000770280000,0x0000000770280000,0x0000000778100000)
 ParOldGen       total 125952K, used 115845K [0x00000005c0000000, 0x00000005c7b00000, 0x0000000700000000)
  object space 125952K, 91% used [0x00000005c0000000,0x00000005c71216d0,0x00000005c7b00000)
 Metaspace       used 6403K, capacity 6892K, committed 7168K, reserved 1056768K
  class space    used 693K, capacity 724K, committed 768K, reserved 1048576K
}
Event: 2491.186 GC heap before
{Heap before GC invocations=45 (full 12):
 PSYoungGen      total 1967104K, used 1837568K [0x0000000700000000, 0x000000077ff80000, 0x00000007c0000000)
  eden space 1837568K, 100% used [0x0000000700000000,0x0000000770280000,0x0000000770280000)
  from space 129536K, 0% used [0x0000000778100000,0x0000000778100000,0x000000077ff80000)
  to   space 129536K, 0% used [0x0000000770280000,0x0000000770280000,0x0000000778100000)
 ParOldGen       total 125952K, used 115845K [0x00000005c0000000, 0x00000005c7b00000, 0x0000000700000000)
  object space 125952K, 91% used [0x00000005c0000000,0x00000005c71216d0,0x00000005c7b00000)
 Metaspace       used 6404K, capacity 6892K, committed 7168K, reserved 1056768K
  class space    used 693K, capacity 724K, committed 768K, reserved 1048576K
Event: 2491.384 GC heap after
Heap after GC invocations=45 (full 12):
 PSYoungGen      total 1967104K, used 122880K [0x0000000700000000, 0x000000077ff80000, 0x00000007c0000000)
  eden space 1837568K, 0% used [0x0000000700000000,0x0000000700000000,0x0000000770280000)
  from space 129536K, 94% used [0x0000000770280000,0x0000000777a80000,0x0000000778100000)
  to   space 129024K, 0% used [0x0000000778180000,0x0000000778180000,0x000000077ff80000)
 ParOldGen       total 125952K, used 115845K [0x00000005c0000000, 0x00000005c7b00000, 0x0000000700000000)
  object space 125952K, 91% used [0x00000005c0000000,0x00000005c71216d0,0x00000005c7b00000)
 Metaspace       used 6404K, capacity 6892K, committed 7168K, reserved 1056768K
  class space    used 693K, capacity 724K, committed 768K, reserved 1048576K
}
Event: 2610.977 GC heap before
{Heap before GC invocations=46 (full 12):
 PSYoungGen      total 1967104K, used 1960448K [0x0000000700000000, 0x000000077ff80000, 0x00000007c0000000)
  eden space 1837568K, 100% used [0x0000000700000000,0x0000000770280000,0x0000000770280000)
  from space 129536K, 94% used [0x0000000770280000,0x0000000777a80000,0x0000000778100000)
  to   space 129024K, 0% used [0x0000000778180000,0x0000000778180000,0x000000077ff80000)
 ParOldGen       total 125952K, used 115845K [0x00000005c0000000, 0x00000005c7b00000, 0x0000000700000000)
  object space 125952K, 91% used [0x00000005c0000000,0x00000005c71216d0,0x00000005c7b00000)
 Metaspace       used 6404K, capacity 6892K, committed 7168K, reserved 1056768K
  class space    used 693K, capacity 724K, committed 768K, reserved 1048576K
Event: 2611.171 GC heap after
Heap after GC invocations=46 (full 12):
 PSYoungGen      total 1967616K, used 118784K [0x0000000700000000, 0x000000077ff80000, 0x00000007c0000000)
  eden space 1838592K, 0% used [0x0000000700000000,0x0000000700000000,0x0000000770380000)
  from space 129024K, 92% used [0x0000000778180000,0x000000077f580000,0x000000077ff80000)
  to   space 129024K, 0% used [0x0000000770380000,0x0000000770380000,0x0000000778180000)
 ParOldGen       total 125952K, used 119365K [0x00000005c0000000, 0x00000005c7b00000, 0x0000000700000000)
  object space 125952K, 94% used [0x00000005c0000000,0x00000005c7491710,0x00000005c7b00000)
 Metaspace       used 6404K, capacity 6892K, committed 7168K, reserved 1056768K
  class space    used 693K, capacity 724K, committed 768K, reserved 1048576K
}
Event: 2611.171 GC heap before
{Heap before GC invocations=47 (full 13):
 PSYoungGen      total 1967616K, used 118784K [0x0000000700000000, 0x000000077ff80000, 0x00000007c0000000)
  eden space 1838592K, 0% used [0x0000000700000000,0x0000000700000000,0x0000000770380000)
  from space 129024K, 92% used [0x0000000778180000,0x000000077f580000,0x000000077ff80000)
  to   space 129024K, 0% used [0x0000000770380000,0x0000000770380000,0x0000000778180000)
 ParOldGen       total 125952K, used 119365K [0x00000005c0000000, 0x00000005c7b00000, 0x0000000700000000)
  object space 125952K, 94% used [0x00000005c0000000,0x00000005c7491710,0x00000005c7b00000)
 Metaspace       used 6404K, capacity 6892K, committed 7168K, reserved 1056768K
  class space    used 693K, capacity 724K, committed 768K, reserved 1048576K
Event: 2611.245 GC heap after
Heap after GC invocations=47 (full 13):
 PSYoungGen      total 1967616K, used 0K [0x0000000700000000, 0x000000077ff80000, 0x00000007c0000000)
  eden space 1838592K, 0% used [0x0000000700000000,0x0000000700000000,0x0000000770380000)
  from space 129024K, 0% used [0x0000000778180000,0x0000000778180000,0x000000077ff80000)
  to   space 129024K, 0% used [0x0000000770380000,0x0000000770380000,0x0000000778180000)
 ParOldGen       total 124416K, used 114525K [0x00000005c0000000, 0x00000005c7980000, 0x0000000700000000)
  object space 124416K, 92% used [0x00000005c0000000,0x00000005c6fd76a8,0x00000005c7980000)
 Metaspace       used 6404K, capacity 6892K, committed 7168K, reserved 1056768K
  class space    used 693K, capacity 724K, committed 768K, reserved 1048576K
}
Event: 2724.953 GC heap before
{Heap before GC invocations=48 (full 13):
 PSYoungGen      total 1967616K, used 1838592K [0x0000000700000000, 0x000000077ff80000, 0x00000007c0000000)
  eden space 1838592K, 100% used [0x0000000700000000,0x0000000770380000,0x0000000770380000)
  from space 129024K, 0% used [0x0000000778180000,0x0000000778180000,0x000000077ff80000)
  to   space 129024K, 0% used [0x0000000770380000,0x0000000770380000,0x0000000778180000)
 ParOldGen       total 124416K, used 114525K [0x00000005c0000000, 0x00000005c7980000, 0x0000000700000000)
  object space 124416K, 92% used [0x00000005c0000000,0x00000005c6fd76a8,0x00000005c7980000)
 Metaspace       used 6404K, capacity 6892K, committed 7168K, reserved 1056768K
  class space    used 693K, capacity 724K, committed 768K, reserved 1048576K
Event: 2725.144 GC heap after
Heap after GC invocations=48 (full 13):
 PSYoungGen      total 1963520K, used 124928K [0x0000000700000000, 0x000000077ff80000, 0x00000007c0000000)
  eden space 1838592K, 0% used [0x0000000700000000,0x0000000700000000,0x0000000770380000)
  from space 124928K, 100% used [0x0000000770380000,0x0000000777d80000,0x0000000777d80000)
  to   space 129536K, 0% used [0x0000000778100000,0x0000000778100000,0x000000077ff80000)
 ParOldGen       total 124416K, used 114525K [0x00000005c0000000, 0x00000005c7980000, 0x0000000700000000)
  object space 124416K, 92% used [0x00000005c0000000,0x00000005c6fd76a8,0x00000005c7980000)
 Metaspace       used 6404K, capacity 6892K, committed 7168K, reserved 1056768K
  class space    used 693K, capacity 724K, committed 768K, reserved 1048576K
}

